Base path: G:/Editor/Data
Pipe name: \\.\pipe\UnityShaderCompiler-1-5536
Cmd: getPlatforms
Cmd: compileSnippet
  api=0 type=0 insize=7581 outsize=1575 kw=DIRECTIONAL SHADOWS_OFF LIGHTMAP_OFF DIRLIGHTMAP_OFF ok=1
Cmd: compileSnippet
  api=0 type=0 insize=7581 outsize=1673 kw=DIRECTIONAL SHADOWS_SCREEN LIGHTMAP_OFF DIRLIGHTMAP_OFF ok=1
Cmd: compileSnippet
  error: 2 plat 8 at (104): 'vert': output parameter 'o' not completely initialized
  error: 1 plat 8 at (140): implicit truncation of vector type
  error: 1 plat 8 at (141): implicit truncation of vector type
  error: 1 plat 8 at (142): implicit truncation of vector type
  error: 1 plat 8 at (143): implicit truncation of vector type
  api=8 type=0 insize=7581 outsize=0 kw=DIRECTIONAL SHADOWS_SCREEN LIGHTMAP_ON DIRLIGHTMAP_OFF ok=0
Cmd: compileSnippet
  api=1 type=0 insize=7581 outsize=1706 kw=DIRECTIONAL SHADOWS_SCREEN LIGHTMAP_OFF DIRLIGHTMAP_OFF VERTEXLIGHT_ON ok=1
Cmd: compileSnippet
  api=0 type=1 insize=7581 outsize=1261 kw=DIRECTIONAL SHADOWS_OFF LIGHTMAP_OFF DIRLIGHTMAP_OFF ok=1
Cmd: compileSnippet
  api=4 type=1 insize=7581 outsize=2078 kw=DIRECTIONAL SHADOWS_OFF LIGHTMAP_ON DIRLIGHTMAP_OFF ok=1
Cmd: compileSnippet
  api=4 type=1 insize=7581 outsize=3647 kw=DIRECTIONAL SHADOWS_SCREEN LIGHTMAP_OFF DIRLIGHTMAP_OFF ok=1
Cmd: compileSnippet
  api=0 type=0 insize=5343 outsize=1451 kw=POINT ok=1
Cmd: compileSnippet
  error: 2 plat 8 at (104): 'vert': output parameter 'o' not completely initialized
  error: 1 plat 8 at (140): implicit truncation of vector type
  error: 1 plat 8 at (141): implicit truncation of vector type
  error: 1 plat 8 at (142): implicit truncation of vector type
  error: 1 plat 8 at (143): implicit truncation of vector type
  api=8 type=0 insize=5343 outsize=0 kw=SPOT ok=0
Cmd: compileSnippet
  error: 2 plat 4 at (104): 'vert': output parameter 'o' not completely initialized
  error: 1 plat 4 at (140): implicit truncation of vector type
  error: 1 plat 4 at (141): implicit truncation of vector type
  error: 1 plat 4 at (142): implicit truncation of vector type
  error: 1 plat 4 at (143): implicit truncation of vector type
  api=4 type=0 insize=5343 outsize=0 kw=POINT_COOKIE ok=0
Cmd: compileSnippet
  error: 2 plat 8 at (104): 'vert': output parameter 'o' not completely initialized
  error: 1 plat 8 at (140): implicit truncation of vector type
  error: 1 plat 8 at (141): implicit truncation of vector type
  error: 1 plat 8 at (142): implicit truncation of vector type
  error: 1 plat 8 at (143): implicit truncation of vector type
  api=8 type=0 insize=5343 outsize=0 kw=DIRECTIONAL_COOKIE ok=0
Cmd: compileSnippet
  api=0 type=1 insize=5343 outsize=1142 kw=POINT ok=1
Cmd: compileSnippet
  api=8 type=1 insize=5343 outsize=3973 kw=DIRECTIONAL ok=1
Cmd: compileSnippet
  api=1 type=1 insize=5343 outsize=994 kw=POINT_COOKIE ok=1
Cmd: compileSnippet
  api=0 type=1 insize=5343 outsize=1046 kw=DIRECTIONAL_COOKIE ok=1
Cmd: compileSnippet
  api=4 type=1 insize=5343 outsize=2826 kw=DIRECTIONAL_COOKIE ok=1
Cmd: compileSnippet
  api=0 type=0 insize=4895 outsize=857 kw= ok=1
Cmd: compileSnippet
  api=0 type=1 insize=4895 outsize=267 kw= ok=1
Cmd: compileSnippet
  api=0 type=0 insize=7164 outsize=1472 kw=LIGHTMAP_OFF DIRLIGHTMAP_OFF HDR_LIGHT_PREPASS_OFF ok=1
Cmd: compileSnippet
  error: 2 plat 8 at (104): 'vert': output parameter 'o' not completely initialized
  error: 1 plat 8 at (140): implicit truncation of vector type
  error: 1 plat 8 at (141): implicit truncation of vector type
  error: 1 plat 8 at (142): implicit truncation of vector type
  error: 1 plat 8 at (143): implicit truncation of vector type
  api=8 type=0 insize=7164 outsize=0 kw=LIGHTMAP_OFF DIRLIGHTMAP_OFF HDR_LIGHT_PREPASS_ON ok=0
Cmd: compileSnippet
  error: 2 plat 4 at (104): 'vert': output parameter 'o' not completely initialized
  error: 1 plat 4 at (140): implicit truncation of vector type
  error: 1 plat 4 at (141): implicit truncation of vector type
  error: 1 plat 4 at (142): implicit truncation of vector type
  error: 1 plat 4 at (143): implicit truncation of vector type
  api=4 type=0 insize=7164 outsize=0 kw=LIGHTMAP_ON DIRLIGHTMAP_OFF HDR_LIGHT_PREPASS_ON ok=0
Cmd: compileSnippet
  api=0 type=1 insize=7164 outsize=874 kw=LIGHTMAP_OFF DIRLIGHTMAP_OFF HDR_LIGHT_PREPASS_OFF ok=1
Cmd: compileSnippet
  api=1 type=1 insize=7164 outsize=983 kw=LIGHTMAP_ON DIRLIGHTMAP_OFF HDR_LIGHT_PREPASS_OFF ok=1
Cmd: compileSnippet
  api=4 type=1 insize=7164 outsize=2590 kw=LIGHTMAP_OFF DIRLIGHTMAP_OFF HDR_LIGHT_PREPASS_ON ok=1
Cmd: compileSnippet
  api=1 type=1 insize=7164 outsize=909 kw=LIGHTMAP_ON DIRLIGHTMAP_OFF HDR_LIGHT_PREPASS_ON ok=1
Cmd: compileSnippet
  api=0 type=0 insize=7581 outsize=1575 kw=DIRECTIONAL SHADOWS_OFF LIGHTMAP_OFF DIRLIGHTMAP_OFF ok=1
Cmd: compileSnippet
  error: 2 plat 8 at (103): 'vert': output parameter 'o' not completely initialized
  error: 1 plat 8 at (139): implicit truncation of vector type
  error: 1 plat 8 at (140): implicit truncation of vector type
  error: 1 plat 8 at (141): implicit truncation of vector type
  error: 1 plat 8 at (142): implicit truncation of vector type
  api=8 type=0 insize=7581 outsize=0 kw=DIRECTIONAL SHADOWS_SCREEN LIGHTMAP_OFF DIRLIGHTMAP_OFF ok=0
Cmd: compileSnippet
  error: 2 plat 8 at (103): 'vert': output parameter 'o' not completely initialized
  error: 1 plat 8 at (139): implicit truncation of vector type
  error: 1 plat 8 at (140): implicit truncation of vector type
  error: 1 plat 8 at (141): implicit truncation of vector type
  error: 1 plat 8 at (142): implicit truncation of vector type
  api=8 type=0 insize=7581 outsize=0 kw=DIRECTIONAL SHADOWS_SCREEN LIGHTMAP_ON DIRLIGHTMAP_OFF ok=0
Cmd: compileSnippet
  api=0 type=0 insize=7581 outsize=2331 kw=DIRECTIONAL SHADOWS_SCREEN LIGHTMAP_OFF DIRLIGHTMAP_OFF VERTEXLIGHT_ON ok=1
Cmd: compileSnippet
  api=0 type=1 insize=7581 outsize=1261 kw=DIRECTIONAL SHADOWS_OFF LIGHTMAP_OFF DIRLIGHTMAP_OFF ok=1
Cmd: compileSnippet
  api=4 type=1 insize=7581 outsize=2078 kw=DIRECTIONAL SHADOWS_OFF LIGHTMAP_ON DIRLIGHTMAP_OFF ok=1
Cmd: compileSnippet
  api=4 type=1 insize=7581 outsize=3647 kw=DIRECTIONAL SHADOWS_SCREEN LIGHTMAP_OFF DIRLIGHTMAP_OFF ok=1
Cmd: compileSnippet
  api=4 type=1 insize=7581 outsize=2623 kw=DIRECTIONAL SHADOWS_SCREEN LIGHTMAP_ON DIRLIGHTMAP_OFF ok=1
Cmd: compileSnippet
  api=0 type=0 insize=5343 outsize=1451 kw=POINT ok=1
Cmd: compileSnippet
  api=1 type=0 insize=5343 outsize=845 kw=POINT_COOKIE ok=1
Cmd: compileSnippet
  error: 2 plat 4 at (103): 'vert': output parameter 'o' not completely initialized
  error: 1 plat 4 at (139): implicit truncation of vector type
  error: 1 plat 4 at (140): implicit truncation of vector type
  error: 1 plat 4 at (141): implicit truncation of vector type
  error: 1 plat 4 at (142): implicit truncation of vector type
  api=4 type=0 insize=5343 outsize=0 kw=DIRECTIONAL_COOKIE ok=0
Cmd: compileSnippet
  api=0 type=1 insize=5343 outsize=1142 kw=POINT ok=1
Cmd: compileSnippet
  api=4 type=1 insize=5343 outsize=2566 kw=DIRECTIONAL ok=1
Cmd: compileSnippet
  api=4 type=1 insize=5343 outsize=3476 kw=SPOT ok=1
Cmd: compileSnippet
  api=4 type=1 insize=5343 outsize=3167 kw=POINT_COOKIE ok=1
Cmd: compileSnippet
  api=1 type=1 insize=5343 outsize=868 kw=DIRECTIONAL_COOKIE ok=1
Cmd: compileSnippet
  api=0 type=0 insize=4895 outsize=857 kw= ok=1
Cmd: compileSnippet
  api=0 type=1 insize=4895 outsize=267 kw= ok=1
Cmd: compileSnippet
  api=0 type=0 insize=7164 outsize=1472 kw=LIGHTMAP_OFF DIRLIGHTMAP_OFF HDR_LIGHT_PREPASS_OFF ok=1
Cmd: compileSnippet
  error: 2 plat 4 at (103): 'vert': output parameter 'o' not completely initialized
  error: 1 plat 4 at (139): implicit truncation of vector type
  error: 1 plat 4 at (140): implicit truncation of vector type
  error: 1 plat 4 at (141): implicit truncation of vector type
  error: 1 plat 4 at (142): implicit truncation of vector type
  api=4 type=0 insize=7164 outsize=0 kw=LIGHTMAP_OFF DIRLIGHTMAP_OFF HDR_LIGHT_PREPASS_ON ok=0
Cmd: compileSnippet
  error: 2 plat 4 at (103): 'vert': output parameter 'o' not completely initialized
  error: 1 plat 4 at (139): implicit truncation of vector type
  error: 1 plat 4 at (140): implicit truncation of vector type
  error: 1 plat 4 at (141): implicit truncation of vector type
  error: 1 plat 4 at (142): implicit truncation of vector type
  api=4 type=0 insize=7164 outsize=0 kw=LIGHTMAP_ON DIRLIGHTMAP_OFF HDR_LIGHT_PREPASS_ON ok=0
Cmd: compileSnippet
  api=0 type=1 insize=7164 outsize=874 kw=LIGHTMAP_OFF DIRLIGHTMAP_OFF HDR_LIGHT_PREPASS_OFF ok=1
Cmd: compileSnippet
  api=1 type=1 insize=7164 outsize=983 kw=LIGHTMAP_ON DIRLIGHTMAP_OFF HDR_LIGHT_PREPASS_OFF ok=1
Cmd: compileSnippet
  api=0 type=1 insize=7164 outsize=817 kw=LIGHTMAP_OFF DIRLIGHTMAP_OFF HDR_LIGHT_PREPASS_ON ok=1
Cmd: compileSnippet
  api=8 type=1 insize=7164 outsize=3827 kw=LIGHTMAP_OFF DIRLIGHTMAP_OFF HDR_LIGHT_PREPASS_ON ok=1
Cmd: compileSnippet
  api=0 type=0 insize=691 outsize=262 kw= ok=1
Cmd: compileSnippet
  api=0 type=1 insize=691 outsize=133 kw= ok=1
