Base path: G:/Editor/Data
Pipe name: \\.\pipe\UnityShaderCompiler-4-6864
Cmd: getPlatforms
Cmd: compileSnippet
  api=0 type=0 insize=7581 outsize=1017 kw=DIRECTIONAL SHADOWS_OFF LIGHTMAP_ON DIRLIGHTMAP_OFF ok=1
Cmd: compileSnippet
  error: 2 plat 8 at (104): 'vert': output parameter 'o' not completely initialized
  error: 1 plat 8 at (140): implicit truncation of vector type
  error: 1 plat 8 at (141): implicit truncation of vector type
  error: 1 plat 8 at (142): implicit truncation of vector type
  error: 1 plat 8 at (143): implicit truncation of vector type
  api=8 type=0 insize=7581 outsize=0 kw=DIRECTIONAL SHADOWS_SCREEN LIGHTMAP_OFF DIRLIGHTMAP_OFF ok=0
Cmd: compileSnippet
  error: 2 plat 4 at (104): 'vert': output parameter 'o' not completely initialized
  error: 1 plat 4 at (140): implicit truncation of vector type
  error: 1 plat 4 at (141): implicit truncation of vector type
  error: 1 plat 4 at (142): implicit truncation of vector type
  error: 1 plat 4 at (143): implicit truncation of vector type
  api=4 type=0 insize=7581 outsize=0 kw=DIRECTIONAL SHADOWS_SCREEN LIGHTMAP_ON DIRLIGHTMAP_OFF ok=0
Cmd: compileSnippet
  api=0 type=0 insize=7581 outsize=2233 kw=DIRECTIONAL SHADOWS_OFF LIGHTMAP_OFF DIRLIGHTMAP_OFF VERTEXLIGHT_ON ok=1
Cmd: compileSnippet
  error: 2 plat 8 at (104): 'vert': output parameter 'o' not completely initialized
  error: 1 plat 8 at (140): implicit truncation of vector type
  error: 1 plat 8 at (141): implicit truncation of vector type
  error: 1 plat 8 at (142): implicit truncation of vector type
  error: 1 plat 8 at (143): implicit truncation of vector type
  api=8 type=0 insize=7581 outsize=0 kw=DIRECTIONAL SHADOWS_SCREEN LIGHTMAP_OFF DIRLIGHTMAP_OFF VERTEXLIGHT_ON ok=0
Cmd: compileSnippet
  api=8 type=1 insize=7581 outsize=5054 kw=DIRECTIONAL SHADOWS_OFF LIGHTMAP_OFF DIRLIGHTMAP_OFF ok=1
Cmd: compileSnippet
  api=0 type=1 insize=7581 outsize=829 kw=DIRECTIONAL SHADOWS_SCREEN LIGHTMAP_ON DIRLIGHTMAP_OFF ok=1
Cmd: compileSnippet
  api=4 type=1 insize=7581 outsize=2623 kw=DIRECTIONAL SHADOWS_SCREEN LIGHTMAP_ON DIRLIGHTMAP_OFF ok=1
Cmd: compileSnippet
  error: 2 plat 4 at (104): 'vert': output parameter 'o' not completely initialized
  error: 1 plat 4 at (140): implicit truncation of vector type
  error: 1 plat 4 at (141): implicit truncation of vector type
  error: 1 plat 4 at (142): implicit truncation of vector type
  error: 1 plat 4 at (143): implicit truncation of vector type
  api=4 type=0 insize=5343 outsize=0 kw=POINT ok=0
Cmd: compileSnippet
  api=0 type=0 insize=5343 outsize=1488 kw=SPOT ok=1
Cmd: compileSnippet
  error: 2 plat 8 at (104): 'vert': output parameter 'o' not completely initialized
  error: 1 plat 8 at (140): implicit truncation of vector type
  error: 1 plat 8 at (141): implicit truncation of vector type
  error: 1 plat 8 at (142): implicit truncation of vector type
  error: 1 plat 8 at (143): implicit truncation of vector type
  api=8 type=0 insize=5343 outsize=0 kw=POINT_COOKIE ok=0
Cmd: compileSnippet
  api=1 type=0 insize=5343 outsize=799 kw=DIRECTIONAL_COOKIE ok=1
Cmd: compileSnippet
  api=8 type=1 insize=5343 outsize=4623 kw=POINT ok=1
Cmd: compileSnippet
  api=0 type=1 insize=5343 outsize=1202 kw=POINT_COOKIE ok=1
Cmd: compileSnippet
  api=4 type=1 insize=5343 outsize=3167 kw=POINT_COOKIE ok=1
Cmd: compileSnippet
  api=1 type=1 insize=5343 outsize=868 kw=DIRECTIONAL_COOKIE ok=1
Cmd: compileSnippet
  api=8 type=1 insize=4895 outsize=1406 kw= ok=1
Cmd: compileSnippet
  error: 2 plat 8 at (104): 'vert': output parameter 'o' not completely initialized
  error: 1 plat 8 at (140): implicit truncation of vector type
  error: 1 plat 8 at (141): implicit truncation of vector type
  error: 1 plat 8 at (142): implicit truncation of vector type
  error: 1 plat 8 at (143): implicit truncation of vector type
  api=8 type=0 insize=7164 outsize=0 kw=LIGHTMAP_OFF DIRLIGHTMAP_OFF HDR_LIGHT_PREPASS_OFF ok=0
Cmd: compileSnippet
  error: 2 plat 4 at (104): 'vert': output parameter 'o' not completely initialized
  error: 1 plat 4 at (140): implicit truncation of vector type
  error: 1 plat 4 at (141): implicit truncation of vector type
  error: 1 plat 4 at (142): implicit truncation of vector type
  error: 1 plat 4 at (143): implicit truncation of vector type
  api=4 type=0 insize=7164 outsize=0 kw=LIGHTMAP_ON DIRLIGHTMAP_OFF HDR_LIGHT_PREPASS_OFF ok=0
Cmd: compileSnippet
  error: 2 plat 8 at (104): 'vert': output parameter 'o' not completely initialized
  error: 1 plat 8 at (140): implicit truncation of vector type
  error: 1 plat 8 at (141): implicit truncation of vector type
  error: 1 plat 8 at (142): implicit truncation of vector type
  error: 1 plat 8 at (143): implicit truncation of vector type
  api=8 type=0 insize=7164 outsize=0 kw=LIGHTMAP_ON DIRLIGHTMAP_OFF HDR_LIGHT_PREPASS_OFF ok=0
Cmd: compileSnippet
  api=0 type=0 insize=7164 outsize=1472 kw=LIGHTMAP_OFF DIRLIGHTMAP_OFF HDR_LIGHT_PREPASS_ON ok=1
Cmd: compileSnippet
  error: 2 plat 8 at (104): 'vert': output parameter 'o' not completely initialized
  error: 1 plat 8 at (140): implicit truncation of vector type
  error: 1 plat 8 at (141): implicit truncation of vector type
  error: 1 plat 8 at (142): implicit truncation of vector type
  error: 1 plat 8 at (143): implicit truncation of vector type
  api=8 type=0 insize=7164 outsize=0 kw=LIGHTMAP_ON DIRLIGHTMAP_OFF HDR_LIGHT_PREPASS_ON ok=0
Cmd: compileSnippet
  api=0 type=1 insize=7164 outsize=1201 kw=LIGHTMAP_ON DIRLIGHTMAP_OFF HDR_LIGHT_PREPASS_OFF ok=1
Cmd: compileSnippet
  api=4 type=1 insize=7164 outsize=3492 kw=LIGHTMAP_ON DIRLIGHTMAP_OFF HDR_LIGHT_PREPASS_OFF ok=1
Cmd: compileSnippet
  api=0 type=1 insize=7164 outsize=1135 kw=LIGHTMAP_ON DIRLIGHTMAP_OFF HDR_LIGHT_PREPASS_ON ok=1
Cmd: compileSnippet
  api=4 type=1 insize=7164 outsize=3435 kw=LIGHTMAP_ON DIRLIGHTMAP_OFF HDR_LIGHT_PREPASS_ON ok=1
Cmd: compileSnippet
  api=0 type=0 insize=7581 outsize=1017 kw=DIRECTIONAL SHADOWS_OFF LIGHTMAP_ON DIRLIGHTMAP_OFF ok=1
Cmd: compileSnippet
  error: 2 plat 4 at (103): 'vert': output parameter 'o' not completely initialized
  error: 1 plat 4 at (139): implicit truncation of vector type
  error: 1 plat 4 at (140): implicit truncation of vector type
  error: 1 plat 4 at (141): implicit truncation of vector type
  error: 1 plat 4 at (142): implicit truncation of vector type
  api=4 type=0 insize=7581 outsize=0 kw=DIRECTIONAL SHADOWS_SCREEN LIGHTMAP_OFF DIRLIGHTMAP_OFF ok=0
Cmd: compileSnippet
  error: 2 plat 4 at (103): 'vert': output parameter 'o' not completely initialized
  error: 1 plat 4 at (139): implicit truncation of vector type
  error: 1 plat 4 at (140): implicit truncation of vector type
  error: 1 plat 4 at (141): implicit truncation of vector type
  error: 1 plat 4 at (142): implicit truncation of vector type
  api=4 type=0 insize=7581 outsize=0 kw=DIRECTIONAL SHADOWS_SCREEN LIGHTMAP_ON DIRLIGHTMAP_OFF ok=0
Cmd: compileSnippet
  api=0 type=0 insize=7581 outsize=2233 kw=DIRECTIONAL SHADOWS_OFF LIGHTMAP_OFF DIRLIGHTMAP_OFF VERTEXLIGHT_ON ok=1
Cmd: compileSnippet
  error: 2 plat 4 at (103): 'vert': output parameter 'o' not completely initialized
  error: 1 plat 4 at (139): implicit truncation of vector type
  error: 1 plat 4 at (140): implicit truncation of vector type
  error: 1 plat 4 at (141): implicit truncation of vector type
  error: 1 plat 4 at (142): implicit truncation of vector type
  api=4 type=0 insize=7581 outsize=0 kw=DIRECTIONAL SHADOWS_SCREEN LIGHTMAP_OFF DIRLIGHTMAP_OFF VERTEXLIGHT_ON ok=0
Cmd: compileSnippet
  api=4 type=1 insize=7581 outsize=3330 kw=DIRECTIONAL SHADOWS_OFF LIGHTMAP_OFF DIRLIGHTMAP_OFF ok=1
Cmd: compileSnippet
  api=8 type=1 insize=7581 outsize=3080 kw=DIRECTIONAL SHADOWS_OFF LIGHTMAP_ON DIRLIGHTMAP_OFF ok=1
Cmd: compileSnippet
  api=1 type=1 insize=7581 outsize=654 kw=DIRECTIONAL SHADOWS_SCREEN LIGHTMAP_ON DIRLIGHTMAP_OFF ok=1
Cmd: compileSnippet
  error: 2 plat 4 at (103): 'vert': output parameter 'o' not completely initialized
  error: 1 plat 4 at (139): implicit truncation of vector type
  error: 1 plat 4 at (140): implicit truncation of vector type
  error: 1 plat 4 at (141): implicit truncation of vector type
  error: 1 plat 4 at (142): implicit truncation of vector type
  api=4 type=0 insize=5343 outsize=0 kw=POINT ok=0
Cmd: compileSnippet
  error: 2 plat 4 at (103): 'vert': output parameter 'o' not completely initialized
  error: 1 plat 4 at (139): implicit truncation of vector type
  error: 1 plat 4 at (140): implicit truncation of vector type
  error: 1 plat 4 at (141): implicit truncation of vector type
  error: 1 plat 4 at (142): implicit truncation of vector type
  api=4 type=0 insize=5343 outsize=0 kw=DIRECTIONAL ok=0
Cmd: compileSnippet
  api=0 type=0 insize=5343 outsize=1488 kw=SPOT ok=1
Cmd: compileSnippet
  api=0 type=0 insize=5343 outsize=1371 kw=DIRECTIONAL_COOKIE ok=1
Cmd: compileSnippet
  api=8 type=1 insize=5343 outsize=4623 kw=POINT ok=1
Cmd: compileSnippet
  api=0 type=1 insize=5343 outsize=1202 kw=POINT_COOKIE ok=1
Cmd: compileSnippet
  api=8 type=1 insize=5343 outsize=4851 kw=POINT_COOKIE ok=1
Cmd: compileSnippet
  api=0 type=0 insize=7164 outsize=1425 kw=LIGHTMAP_ON DIRLIGHTMAP_OFF HDR_LIGHT_PREPASS_OFF ok=1
Cmd: compileSnippet
  error: 2 plat 8 at (103): 'vert': output parameter 'o' not completely initialized
  error: 1 plat 8 at (139): implicit truncation of vector type
  error: 1 plat 8 at (140): implicit truncation of vector type
  error: 1 plat 8 at (141): implicit truncation of vector type
  error: 1 plat 8 at (142): implicit truncation of vector type
  api=8 type=0 insize=7164 outsize=0 kw=LIGHTMAP_OFF DIRLIGHTMAP_OFF HDR_LIGHT_PREPASS_ON ok=0
Cmd: compileSnippet
  api=1 type=0 insize=7164 outsize=882 kw=LIGHTMAP_ON DIRLIGHTMAP_OFF HDR_LIGHT_PREPASS_ON ok=1
Cmd: compileSnippet
  api=8 type=1 insize=7164 outsize=3982 kw=LIGHTMAP_OFF DIRLIGHTMAP_OFF HDR_LIGHT_PREPASS_OFF ok=1
Cmd: compileSnippet
  api=4 type=1 insize=7164 outsize=2590 kw=LIGHTMAP_OFF DIRLIGHTMAP_OFF HDR_LIGHT_PREPASS_ON ok=1
Cmd: compileSnippet
  api=4 type=1 insize=7164 outsize=3435 kw=LIGHTMAP_ON DIRLIGHTMAP_OFF HDR_LIGHT_PREPASS_ON ok=1
Unhandled exception: Readfile from pipe failed. GLE=Le canal de communication a été fermé.


Quitting shader compiler process
