Base path: G:/Editor/Data
Pipe name: \\.\pipe\UnityShaderCompiler-2-6212
Cmd: getPlatforms
Cmd: compileSnippet
  error: 2 plat 4 at (104): 'vert': output parameter 'o' not completely initialized
  error: 1 plat 4 at (140): implicit truncation of vector type
  error: 1 plat 4 at (141): implicit truncation of vector type
  error: 1 plat 4 at (142): implicit truncation of vector type
  error: 1 plat 4 at (143): implicit truncation of vector type
  api=4 type=0 insize=7581 outsize=0 kw=DIRECTIONAL SHADOWS_OFF LIGHTMAP_OFF DIRLIGHTMAP_OFF ok=0
Cmd: compileSnippet
  error: 2 plat 4 at (104): 'vert': output parameter 'o' not completely initialized
  error: 1 plat 4 at (140): implicit truncation of vector type
  error: 1 plat 4 at (141): implicit truncation of vector type
  error: 1 plat 4 at (142): implicit truncation of vector type
  error: 1 plat 4 at (143): implicit truncation of vector type
  api=4 type=0 insize=7581 outsize=0 kw=DIRECTIONAL SHADOWS_OFF LIGHTMAP_ON DIRLIGHTMAP_OFF ok=0
Cmd: compileSnippet
  error: 2 plat 8 at (104): 'vert': output parameter 'o' not completely initialized
  error: 1 plat 8 at (140): implicit truncation of vector type
  error: 1 plat 8 at (141): implicit truncation of vector type
  error: 1 plat 8 at (142): implicit truncation of vector type
  error: 1 plat 8 at (143): implicit truncation of vector type
  api=8 type=0 insize=7581 outsize=0 kw=DIRECTIONAL SHADOWS_OFF LIGHTMAP_ON DIRLIGHTMAP_OFF ok=0
Cmd: compileSnippet
  error: 2 plat 4 at (104): 'vert': output parameter 'o' not completely initialized
  error: 1 plat 4 at (140): implicit truncation of vector type
  error: 1 plat 4 at (141): implicit truncation of vector type
  error: 1 plat 4 at (142): implicit truncation of vector type
  error: 1 plat 4 at (143): implicit truncation of vector type
  api=4 type=0 insize=7581 outsize=0 kw=DIRECTIONAL SHADOWS_SCREEN LIGHTMAP_OFF DIRLIGHTMAP_OFF ok=0
Cmd: compileSnippet
  api=1 type=0 insize=7581 outsize=705 kw=DIRECTIONAL SHADOWS_SCREEN LIGHTMAP_ON DIRLIGHTMAP_OFF ok=1
Cmd: compileSnippet
  error: 2 plat 4 at (104): 'vert': output parameter 'o' not completely initialized
  error: 1 plat 4 at (140): implicit truncation of vector type
  error: 1 plat 4 at (141): implicit truncation of vector type
  error: 1 plat 4 at (142): implicit truncation of vector type
  error: 1 plat 4 at (143): implicit truncation of vector type
  api=4 type=0 insize=7581 outsize=0 kw=DIRECTIONAL SHADOWS_OFF LIGHTMAP_OFF DIRLIGHTMAP_OFF VERTEXLIGHT_ON ok=0
Cmd: compileSnippet
  error: 2 plat 8 at (104): 'vert': output parameter 'o' not completely initialized
  error: 1 plat 8 at (140): implicit truncation of vector type
  error: 1 plat 8 at (141): implicit truncation of vector type
  error: 1 plat 8 at (142): implicit truncation of vector type
  error: 1 plat 8 at (143): implicit truncation of vector type
  api=8 type=0 insize=7581 outsize=0 kw=DIRECTIONAL SHADOWS_OFF LIGHTMAP_OFF DIRLIGHTMAP_OFF VERTEXLIGHT_ON ok=0
Cmd: compileSnippet
  api=0 type=0 insize=7581 outsize=2331 kw=DIRECTIONAL SHADOWS_SCREEN LIGHTMAP_OFF DIRLIGHTMAP_OFF VERTEXLIGHT_ON ok=1
Cmd: compileSnippet
  api=0 type=1 insize=7581 outsize=647 kw=DIRECTIONAL SHADOWS_OFF LIGHTMAP_ON DIRLIGHTMAP_OFF ok=1
Cmd: compileSnippet
  api=1 type=1 insize=7581 outsize=511 kw=DIRECTIONAL SHADOWS_OFF LIGHTMAP_ON DIRLIGHTMAP_OFF ok=1
Cmd: compileSnippet
  api=0 type=1 insize=7581 outsize=1361 kw=DIRECTIONAL SHADOWS_SCREEN LIGHTMAP_OFF DIRLIGHTMAP_OFF ok=1
Cmd: compileSnippet
  api=8 type=1 insize=7581 outsize=5550 kw=DIRECTIONAL SHADOWS_SCREEN LIGHTMAP_OFF DIRLIGHTMAP_OFF ok=1
Cmd: compileSnippet
  api=0 type=0 insize=5343 outsize=1160 kw=DIRECTIONAL ok=1
Cmd: compileSnippet
  api=0 type=0 insize=5343 outsize=1451 kw=POINT_COOKIE ok=1
Cmd: compileSnippet
  api=0 type=0 insize=5343 outsize=1371 kw=DIRECTIONAL_COOKIE ok=1
Cmd: compileSnippet
  api=4 type=1 insize=5343 outsize=3037 kw=POINT ok=1
Cmd: compileSnippet
  api=0 type=1 insize=5343 outsize=1328 kw=SPOT ok=1
Cmd: compileSnippet
  api=4 type=1 insize=5343 outsize=3476 kw=SPOT ok=1
Cmd: compileSnippet
  api=8 type=1 insize=5343 outsize=4851 kw=POINT_COOKIE ok=1
Cmd: compileSnippet
  error: 2 plat 4 at (104): 'vert': output parameter 'o' not completely initialized
  error: 1 plat 4 at (140): implicit truncation of vector type
  error: 1 plat 4 at (141): implicit truncation of vector type
  error: 1 plat 4 at (142): implicit truncation of vector type
  error: 1 plat 4 at (143): implicit truncation of vector type
  api=4 type=0 insize=4895 outsize=0 kw= ok=0
Cmd: compileSnippet
  error: 2 plat 4 at (104): 'vert': output parameter 'o' not completely initialized
  error: 1 plat 4 at (140): implicit truncation of vector type
  error: 1 plat 4 at (141): implicit truncation of vector type
  error: 1 plat 4 at (142): implicit truncation of vector type
  error: 1 plat 4 at (143): implicit truncation of vector type
  api=4 type=0 insize=7164 outsize=0 kw=LIGHTMAP_OFF DIRLIGHTMAP_OFF HDR_LIGHT_PREPASS_OFF ok=0
Cmd: compileSnippet
  api=1 type=0 insize=7164 outsize=882 kw=LIGHTMAP_ON DIRLIGHTMAP_OFF HDR_LIGHT_PREPASS_OFF ok=1
Cmd: compileSnippet
  api=0 type=0 insize=7164 outsize=1425 kw=LIGHTMAP_ON DIRLIGHTMAP_OFF HDR_LIGHT_PREPASS_ON ok=1
Cmd: compileSnippet
  api=4 type=1 insize=7164 outsize=2647 kw=LIGHTMAP_OFF DIRLIGHTMAP_OFF HDR_LIGHT_PREPASS_OFF ok=1
Cmd: compileSnippet
  api=8 type=1 insize=7164 outsize=5306 kw=LIGHTMAP_ON DIRLIGHTMAP_OFF HDR_LIGHT_PREPASS_OFF ok=1
Cmd: compileSnippet
  api=8 type=1 insize=7164 outsize=5152 kw=LIGHTMAP_ON DIRLIGHTMAP_OFF HDR_LIGHT_PREPASS_ON ok=1
Cmd: compileSnippet
  error: 2 plat 8 at (103): 'vert': output parameter 'o' not completely initialized
  error: 1 plat 8 at (139): implicit truncation of vector type
  error: 1 plat 8 at (140): implicit truncation of vector type
  error: 1 plat 8 at (141): implicit truncation of vector type
  error: 1 plat 8 at (142): implicit truncation of vector type
  api=8 type=0 insize=7581 outsize=0 kw=DIRECTIONAL SHADOWS_OFF LIGHTMAP_OFF DIRLIGHTMAP_OFF ok=0
Cmd: compileSnippet
  error: 2 plat 4 at (103): 'vert': output parameter 'o' not completely initialized
  error: 1 plat 4 at (139): implicit truncation of vector type
  error: 1 plat 4 at (140): implicit truncation of vector type
  error: 1 plat 4 at (141): implicit truncation of vector type
  error: 1 plat 4 at (142): implicit truncation of vector type
  api=4 type=0 insize=7581 outsize=0 kw=DIRECTIONAL SHADOWS_OFF LIGHTMAP_ON DIRLIGHTMAP_OFF ok=0
Cmd: compileSnippet
  error: 2 plat 8 at (103): 'vert': output parameter 'o' not completely initialized
  error: 1 plat 8 at (139): implicit truncation of vector type
  error: 1 plat 8 at (140): implicit truncation of vector type
  error: 1 plat 8 at (141): implicit truncation of vector type
  error: 1 plat 8 at (142): implicit truncation of vector type
  api=8 type=0 insize=7581 outsize=0 kw=DIRECTIONAL SHADOWS_OFF LIGHTMAP_ON DIRLIGHTMAP_OFF ok=0
Cmd: compileSnippet
  api=0 type=0 insize=7581 outsize=1673 kw=DIRECTIONAL SHADOWS_SCREEN LIGHTMAP_OFF DIRLIGHTMAP_OFF ok=1
Cmd: compileSnippet
  api=1 type=0 insize=7581 outsize=705 kw=DIRECTIONAL SHADOWS_SCREEN LIGHTMAP_ON DIRLIGHTMAP_OFF ok=1
Cmd: compileSnippet
  error: 2 plat 4 at (103): 'vert': output parameter 'o' not completely initialized
  error: 1 plat 4 at (139): implicit truncation of vector type
  error: 1 plat 4 at (140): implicit truncation of vector type
  error: 1 plat 4 at (141): implicit truncation of vector type
  error: 1 plat 4 at (142): implicit truncation of vector type
  api=4 type=0 insize=7581 outsize=0 kw=DIRECTIONAL SHADOWS_OFF LIGHTMAP_OFF DIRLIGHTMAP_OFF VERTEXLIGHT_ON ok=0
Cmd: compileSnippet
  error: 2 plat 8 at (103): 'vert': output parameter 'o' not completely initialized
  error: 1 plat 8 at (139): implicit truncation of vector type
  error: 1 plat 8 at (140): implicit truncation of vector type
  error: 1 plat 8 at (141): implicit truncation of vector type
  error: 1 plat 8 at (142): implicit truncation of vector type
  api=8 type=0 insize=7581 outsize=0 kw=DIRECTIONAL SHADOWS_OFF LIGHTMAP_OFF DIRLIGHTMAP_OFF VERTEXLIGHT_ON ok=0
Cmd: compileSnippet
  api=1 type=0 insize=7581 outsize=1706 kw=DIRECTIONAL SHADOWS_SCREEN LIGHTMAP_OFF DIRLIGHTMAP_OFF VERTEXLIGHT_ON ok=1
Cmd: compileSnippet
  api=0 type=1 insize=7581 outsize=647 kw=DIRECTIONAL SHADOWS_OFF LIGHTMAP_ON DIRLIGHTMAP_OFF ok=1
Cmd: compileSnippet
  api=1 type=1 insize=7581 outsize=511 kw=DIRECTIONAL SHADOWS_OFF LIGHTMAP_ON DIRLIGHTMAP_OFF ok=1
Cmd: compileSnippet
  api=0 type=1 insize=7581 outsize=1361 kw=DIRECTIONAL SHADOWS_SCREEN LIGHTMAP_OFF DIRLIGHTMAP_OFF ok=1
Cmd: compileSnippet
  api=8 type=1 insize=7581 outsize=5550 kw=DIRECTIONAL SHADOWS_SCREEN LIGHTMAP_OFF DIRLIGHTMAP_OFF ok=1
Cmd: compileSnippet
  api=0 type=0 insize=5343 outsize=1160 kw=DIRECTIONAL ok=1
Cmd: compileSnippet
  api=0 type=0 insize=5343 outsize=1451 kw=POINT_COOKIE ok=1
Cmd: compileSnippet
  error: 2 plat 8 at (103): 'vert': output parameter 'o' not completely initialized
  error: 1 plat 8 at (139): implicit truncation of vector type
  error: 1 plat 8 at (140): implicit truncation of vector type
  error: 1 plat 8 at (141): implicit truncation of vector type
  error: 1 plat 8 at (142): implicit truncation of vector type
  api=8 type=0 insize=5343 outsize=0 kw=DIRECTIONAL_COOKIE ok=0
Cmd: compileSnippet
  api=4 type=1 insize=5343 outsize=3037 kw=POINT ok=1
Cmd: compileSnippet
  api=0 type=1 insize=5343 outsize=1328 kw=SPOT ok=1
Cmd: compileSnippet
  api=8 type=1 insize=5343 outsize=5265 kw=SPOT ok=1
Cmd: compileSnippet
  api=8 type=1 insize=5343 outsize=4355 kw=DIRECTIONAL_COOKIE ok=1
Cmd: compileSnippet
  error: 2 plat 4 at (103): 'vert': output parameter 'o' not completely initialized
  error: 1 plat 4 at (139): implicit truncation of vector type
  error: 1 plat 4 at (140): implicit truncation of vector type
  error: 1 plat 4 at (141): implicit truncation of vector type
  error: 1 plat 4 at (142): implicit truncation of vector type
  api=4 type=0 insize=4895 outsize=0 kw= ok=0
Cmd: compileSnippet
  api=8 type=1 insize=4895 outsize=1406 kw= ok=1
Cmd: compileSnippet
  error: 2 plat 4 at (103): 'vert': output parameter 'o' not completely initialized
  error: 1 plat 4 at (139): implicit truncation of vector type
  error: 1 plat 4 at (140): implicit truncation of vector type
  error: 1 plat 4 at (141): implicit truncation of vector type
  error: 1 plat 4 at (142): implicit truncation of vector type
  api=4 type=0 insize=7164 outsize=0 kw=LIGHTMAP_OFF DIRLIGHTMAP_OFF HDR_LIGHT_PREPASS_OFF ok=0
Cmd: compileSnippet
  error: 2 plat 4 at (103): 'vert': output parameter 'o' not completely initialized
  error: 1 plat 4 at (139): implicit truncation of vector type
  error: 1 plat 4 at (140): implicit truncation of vector type
  error: 1 plat 4 at (141): implicit truncation of vector type
  error: 1 plat 4 at (142): implicit truncation of vector type
  api=4 type=0 insize=7164 outsize=0 kw=LIGHTMAP_ON DIRLIGHTMAP_OFF HDR_LIGHT_PREPASS_OFF ok=0
Cmd: compileSnippet
  error: 2 plat 8 at (103): 'vert': output parameter 'o' not completely initialized
  error: 1 plat 8 at (139): implicit truncation of vector type
  error: 1 plat 8 at (140): implicit truncation of vector type
  error: 1 plat 8 at (141): implicit truncation of vector type
  error: 1 plat 8 at (142): implicit truncation of vector type
  api=8 type=0 insize=7164 outsize=0 kw=LIGHTMAP_ON DIRLIGHTMAP_OFF HDR_LIGHT_PREPASS_OFF ok=0
Cmd: compileSnippet
  api=0 type=0 insize=7164 outsize=1472 kw=LIGHTMAP_OFF DIRLIGHTMAP_OFF HDR_LIGHT_PREPASS_ON ok=1
Cmd: compileSnippet
  error: 2 plat 8 at (103): 'vert': output parameter 'o' not completely initialized
  error: 1 plat 8 at (139): implicit truncation of vector type
  error: 1 plat 8 at (140): implicit truncation of vector type
  error: 1 plat 8 at (141): implicit truncation of vector type
  error: 1 plat 8 at (142): implicit truncation of vector type
  api=8 type=0 insize=7164 outsize=0 kw=LIGHTMAP_ON DIRLIGHTMAP_OFF HDR_LIGHT_PREPASS_ON ok=0
Cmd: compileSnippet
  api=0 type=1 insize=7164 outsize=1201 kw=LIGHTMAP_ON DIRLIGHTMAP_OFF HDR_LIGHT_PREPASS_OFF ok=1
Cmd: compileSnippet
  api=4 type=1 insize=7164 outsize=3492 kw=LIGHTMAP_ON DIRLIGHTMAP_OFF HDR_LIGHT_PREPASS_OFF ok=1
Cmd: compileSnippet
  api=0 type=1 insize=7164 outsize=1135 kw=LIGHTMAP_ON DIRLIGHTMAP_OFF HDR_LIGHT_PREPASS_ON ok=1
Cmd: compileSnippet
  api=1 type=1 insize=7164 outsize=909 kw=LIGHTMAP_ON DIRLIGHTMAP_OFF HDR_LIGHT_PREPASS_ON ok=1
Cmd: compileSnippet
  api=8 type=1 insize=7164 outsize=5152 kw=LIGHTMAP_ON DIRLIGHTMAP_OFF HDR_LIGHT_PREPASS_ON ok=1
Cmd: compileSnippet
  api=4 type=0 insize=691 outsize=827 kw= ok=1
Cmd: compileSnippet
  api=8 type=1 insize=691 outsize=837 kw= ok=1
Unhandled exception: Readfile from pipe failed. GLE=Le canal de communication a été fermé.


Quitting shader compiler process
